<?xml version="1.0" encoding="UTF-8"?>
<testng-results ignored="0" total="1" passed="1" failed="0" skipped="0">
  <reporter-output>
  </reporter-output>
  <suite started-at="2022-10-25T16:15:29 IST" name="Default suite" finished-at="2022-10-25T16:16:18 IST" duration-ms="49846">
    <groups>
    </groups>
    <test started-at="2022-10-25T16:15:29 IST" name="Default test" finished-at="2022-10-25T16:16:18 IST" duration-ms="49846">
      <class name="com.payroll_testing.test.Employee_test">
        <test-method signature="executSessionOne()[pri:0, instance:com.payroll_testing.test.Employee_test@58695725]" started-at="2022-10-25T16:15:29 IST" name="executSessionOne" finished-at="2022-10-25T16:16:18 IST" duration-ms="49809" status="PASS">
          <reporter-output>
          </reporter-output>
        </test-method> <!-- executSessionOne -->
      </class> <!-- com.payroll_testing.test.Employee_test -->
    </test> <!-- Default test -->
  </suite> <!-- Default suite -->
</testng-results>
